Build started 3/24/2012 10:46:40 PM.
     1>Project "E:\Workspace\gitHub\cpmlic\CarParkMonitor\CpmLib\CpmLib.vcxproj" on node 2 (build target(s)).
     1>InitializeBuildStatus:
         Creating "Debug\CpmLib.unsuccessfulbuild" because "AlwaysCreate" was specified.
       ClCompile:
         D:\Programs\Visual Studio 2010\VC\bin\CL.exe /c /ZI /nologo /W3 /WX- /Od /Oy- /D WIN32 /D _DEBUG /D _LIB /D _UNICODE /D UNICODE /Gm /EHsc /RTC1 /MDd /GS /fp:precise /Zc:wchar_t /Zc:forScope /Fo"Debug\\" /Fd"Debug\vc100.pdb" /Gd /TP /analyze- /errorReport:prompt Content.cpp
         Content.cpp
     1>e:\workspace\github\cpmlic\carparkmonitor\cpmlib\content.cpp(15): warning C4996: 'sprintf': This function or variable may be unsafe. Consider using sprintf_s instead. To disable deprecation, use _CRT_SECURE_NO_WARNINGS. See online help for details.
                 d:\programs\visual studio 2010\vc\include\stdio.h(371) : see declaration of 'sprintf'
     1>e:\workspace\github\cpmlic\carparkmonitor\cpmlib\content.cpp(22): warning C4996: 'sprintf': This function or variable may be unsafe. Consider using sprintf_s instead. To disable deprecation, use _CRT_SECURE_NO_WARNINGS. See online help for details.
                 d:\programs\visual studio 2010\vc\include\stdio.h(371) : see declaration of 'sprintf'
       Lib:
         D:\Programs\Visual Studio 2010\VC\bin\Lib.exe /OUT:"E:\Workspace\gitHub\cpmlic\CarParkMonitor\Debug\CpmLib.lib" /NOLOGO Debug\Content.obj
         CpmLib.vcxproj -> E:\Workspace\gitHub\cpmlic\CarParkMonitor\Debug\CpmLib.lib
       FinalizeBuildStatus:
         Deleting file "Debug\CpmLib.unsuccessfulbuild".
         Touching "Debug\CpmLib.lastbuildstate".
     1>Done Building Project "E:\Workspace\gitHub\cpmlic\CarParkMonitor\CpmLib\CpmLib.vcxproj" (build target(s)).

Build succeeded.

Time Elapsed 00:00:01.48
