Build started 4/3/2012 7:36:49 PM.
     1>Project "E:\Workspace\gitHub\cpmlic\CarParkMonitor\TrainingHog\TrainingHog.vcxproj" on node 2 (rebuild target(s)).
     1>_PrepareForClean:
         Deleting file "x64\Release\TrainingHog.lastbuildstate".
       InitializeBuildStatus:
         Creating "x64\Release\TrainingHog.unsuccessfulbuild" because "AlwaysCreate" was specified.
       ClCompile:
         D:\Programs\Visual Studio 2010\VC\bin\x86_amd64\CL.exe /c /IE:\Workspace\gitHub\cpmlic\CarParkMonitor\CpmLib /ID:\Programs\Libs\opencv\build\include /Zi /nologo /W3 /WX- /O2 /Oi /GL /D WIN32 /D NDEBUG /D _CONSOLE /D _UNICODE /D UNICODE /Gm- /EHsc /MD /GS /Gy /fp:precise /Zc:wchar_t /Zc:forScope /Fo"x64\Release\\" /Fd"x64\Release\vc100.pdb" /Gd /TP /errorReport:prompt main.cpp
         main.cpp
     1>main.cpp(55): warning C4267: 'initializing' : conversion from 'size_t' to 'int', possible loss of data
     1>main.cpp(75): warning C4267: 'initializing' : conversion from 'size_t' to 'int', possible loss of data
     1>main.cpp(55): warning C4267: 'initializing' : conversion from 'size_t' to 'int', possible loss of data
     1>main.cpp(75): warning C4267: 'initializing' : conversion from 'size_t' to 'int', possible loss of data
       Link:
         D:\Programs\Visual Studio 2010\VC\bin\x86_amd64\link.exe /ERRORREPORT:PROMPT /OUT:"E:\Workspace\gitHub\cpmlic\CarParkMonitor\x64\Release\TrainingHog.exe" /INCREMENTAL:NO /NOLOGO /LIBPATH:D:\Programs\Libs\opencv\build\gpu\x64\lib opencv_calib3d231.lib opencv_contrib231.lib opencv_core231.lib opencv_features2d231.lib opencv_flann231.lib opencv_gpu231.lib opencv_haartraining_engine.lib opencv_highgui231.lib opencv_imgproc231.lib opencv_legacy231.lib opencv_ml231.lib opencv_objdetect231.lib opencv_ts231.lib opencv_video231.lib kernel32.lib user32.lib gdi32.lib winspool.lib comdlg32.lib advapi32.lib shell32.lib ole32.lib oleaut32.lib uuid.lib odbc32.lib odbccp32.lib /MANIFEST /ManifestFile:"x64\Release\TrainingHog.exe.intermediate.manifest" /MANIFESTUAC:"level='asInvoker' uiAccess='false'" /DEBUG /PDB:"E:\Workspace\gitHub\cpmlic\CarParkMonitor\x64\Release\TrainingHog.pdb" /SUBSYSTEM:CONSOLE /OPT:REF /OPT:ICF /LTCG /TLBID:1 /DYNAMICBASE /NXCOMPAT /IMPLIB:"E:\Workspace\gitHub\cpmlic\CarParkMonitor\x64\Release\TrainingHog.lib" /MACHINE:X64 x64\Release\main.obj
         E:\Workspace\gitHub\cpmlic\CarParkMonitor\x64\Release\VtLib.lib
         Generating code
         Finished generating code
         TrainingHog.vcxproj -> E:\Workspace\gitHub\cpmlic\CarParkMonitor\x64\Release\TrainingHog.exe
       Manifest:
         C:\Program Files (x86)\Microsoft SDKs\Windows\v7.0A\bin\mt.exe /nologo /verbose /outputresource:"E:\Workspace\gitHub\cpmlic\CarParkMonitor\x64\Release\TrainingHog.exe;#1" /manifest x64\Release\TrainingHog.exe.intermediate.manifest
       FinalizeBuildStatus:
         Deleting file "x64\Release\TrainingHog.unsuccessfulbuild".
         Touching "x64\Release\TrainingHog.lastbuildstate".
     1>Done Building Project "E:\Workspace\gitHub\cpmlic\CarParkMonitor\TrainingHog\TrainingHog.vcxproj" (rebuild target(s)).

Build succeeded.

Time Elapsed 00:00:01.55
