E:\Workspace\gitHub\cpmlic\CarParkMonitor\HogTraining\x64\Debug\cl.command.1.tlog
E:\Workspace\gitHub\cpmlic\CarParkMonitor\HogTraining\x64\Debug\CL.read.1.tlog
E:\Workspace\gitHub\cpmlic\CarParkMonitor\HogTraining\x64\Debug\CL.write.1.tlog
E:\WORKSPACE\GITHUB\CPMLIC\CARPARKMONITOR\HOGTRAINING\X64\DEBUG\DATASETEXTRACTION.EXE.EMBED.MANIFEST
E:\WORKSPACE\GITHUB\CPMLIC\CARPARKMONITOR\HOGTRAINING\X64\DEBUG\DATASETEXTRACTION.EXE.EMBED.MANIFEST.RES
E:\WORKSPACE\GITHUB\CPMLIC\CARPARKMONITOR\HOGTRAINING\X64\DEBUG\DATASETEXTRACTION.EXE.INTERMEDIATE.MANIFEST
E:\Workspace\gitHub\cpmlic\CarParkMonitor\HogTraining\x64\Debug\DatasetExtraction.write.1.tlog
E:\Workspace\gitHub\cpmlic\CarParkMonitor\HogTraining\x64\Debug\DatasetExtraction_manifest.rc
E:\WORKSPACE\GITHUB\CPMLIC\CARPARKMONITOR\HOGTRAINING\X64\DEBUG\HOGFRAMER.OBJ
E:\Workspace\gitHub\cpmlic\CarParkMonitor\HogTraining\x64\Debug\HogTraining.vcxprojResolveAssemblyReference.cache
E:\Workspace\gitHub\cpmlic\CarParkMonitor\HogTraining\x64\Debug\link.1188.read.1.tlog
E:\Workspace\gitHub\cpmlic\CarParkMonitor\HogTraining\x64\Debug\link.1188.write.1.tlog
E:\Workspace\gitHub\cpmlic\CarParkMonitor\HogTraining\x64\Debug\link.1188-cvtres.read.1.tlog
E:\Workspace\gitHub\cpmlic\CarParkMonitor\HogTraining\x64\Debug\link.1188-cvtres.write.1.tlog
E:\Workspace\gitHub\cpmlic\CarParkMonitor\HogTraining\x64\Debug\link.1212.read.1.tlog
E:\Workspace\gitHub\cpmlic\CarParkMonitor\HogTraining\x64\Debug\link.1212.write.1.tlog
E:\Workspace\gitHub\cpmlic\CarParkMonitor\HogTraining\x64\Debug\link.1212-cvtres.read.1.tlog
E:\Workspace\gitHub\cpmlic\CarParkMonitor\HogTraining\x64\Debug\link.1212-cvtres.write.1.tlog
E:\Workspace\gitHub\cpmlic\CarParkMonitor\HogTraining\x64\Debug\link.2796.read.1.tlog
E:\Workspace\gitHub\cpmlic\CarParkMonitor\HogTraining\x64\Debug\link.2796.write.1.tlog
E:\Workspace\gitHub\cpmlic\CarParkMonitor\HogTraining\x64\Debug\link.2796-cvtres.read.1.tlog
E:\Workspace\gitHub\cpmlic\CarParkMonitor\HogTraining\x64\Debug\link.2796-cvtres.write.1.tlog
E:\Workspace\gitHub\cpmlic\CarParkMonitor\HogTraining\x64\Debug\link.2848.read.1.tlog
E:\Workspace\gitHub\cpmlic\CarParkMonitor\HogTraining\x64\Debug\link.2848.write.1.tlog
E:\Workspace\gitHub\cpmlic\CarParkMonitor\HogTraining\x64\Debug\link.2848-cvtres.read.1.tlog
E:\Workspace\gitHub\cpmlic\CarParkMonitor\HogTraining\x64\Debug\link.2848-cvtres.write.1.tlog
E:\Workspace\gitHub\cpmlic\CarParkMonitor\HogTraining\x64\Debug\link.2968.read.1.tlog
E:\Workspace\gitHub\cpmlic\CarParkMonitor\HogTraining\x64\Debug\link.2968.write.1.tlog
E:\Workspace\gitHub\cpmlic\CarParkMonitor\HogTraining\x64\Debug\link.2968-cvtres.read.1.tlog
E:\Workspace\gitHub\cpmlic\CarParkMonitor\HogTraining\x64\Debug\link.2968-cvtres.write.1.tlog
E:\Workspace\gitHub\cpmlic\CarParkMonitor\HogTraining\x64\Debug\link.3444.read.1.tlog
E:\Workspace\gitHub\cpmlic\CarParkMonitor\HogTraining\x64\Debug\link.3444.write.1.tlog
E:\Workspace\gitHub\cpmlic\CarParkMonitor\HogTraining\x64\Debug\link.3444-cvtres.read.1.tlog
E:\Workspace\gitHub\cpmlic\CarParkMonitor\HogTraining\x64\Debug\link.3444-cvtres.write.1.tlog
E:\Workspace\gitHub\cpmlic\CarParkMonitor\HogTraining\x64\Debug\link.3448.read.1.tlog
E:\Workspace\gitHub\cpmlic\CarParkMonitor\HogTraining\x64\Debug\link.3448.write.1.tlog
E:\Workspace\gitHub\cpmlic\CarParkMonitor\HogTraining\x64\Debug\link.3448-cvtres.read.1.tlog
E:\Workspace\gitHub\cpmlic\CarParkMonitor\HogTraining\x64\Debug\link.3448-cvtres.write.1.tlog
E:\Workspace\gitHub\cpmlic\CarParkMonitor\HogTraining\x64\Debug\link.4364.read.1.tlog
E:\Workspace\gitHub\cpmlic\CarParkMonitor\HogTraining\x64\Debug\link.4364.write.1.tlog
E:\Workspace\gitHub\cpmlic\CarParkMonitor\HogTraining\x64\Debug\link.4364-cvtres.read.1.tlog
E:\Workspace\gitHub\cpmlic\CarParkMonitor\HogTraining\x64\Debug\link.4364-cvtres.write.1.tlog
E:\Workspace\gitHub\cpmlic\CarParkMonitor\HogTraining\x64\Debug\link.4896.read.1.tlog
E:\Workspace\gitHub\cpmlic\CarParkMonitor\HogTraining\x64\Debug\link.4896.write.1.tlog
E:\Workspace\gitHub\cpmlic\CarParkMonitor\HogTraining\x64\Debug\link.4896-cvtres.read.1.tlog
E:\Workspace\gitHub\cpmlic\CarParkMonitor\HogTraining\x64\Debug\link.4896-cvtres.write.1.tlog
E:\Workspace\gitHub\cpmlic\CarParkMonitor\HogTraining\x64\Debug\link.5000.read.1.tlog
E:\Workspace\gitHub\cpmlic\CarParkMonitor\HogTraining\x64\Debug\link.5000.write.1.tlog
E:\Workspace\gitHub\cpmlic\CarParkMonitor\HogTraining\x64\Debug\link.5000-cvtres.read.1.tlog
E:\Workspace\gitHub\cpmlic\CarParkMonitor\HogTraining\x64\Debug\link.5000-cvtres.write.1.tlog
E:\Workspace\gitHub\cpmlic\CarParkMonitor\HogTraining\x64\Debug\link.5012.read.1.tlog
E:\Workspace\gitHub\cpmlic\CarParkMonitor\HogTraining\x64\Debug\link.5012.write.1.tlog
E:\Workspace\gitHub\cpmlic\CarParkMonitor\HogTraining\x64\Debug\link.5012-cvtres.read.1.tlog
E:\Workspace\gitHub\cpmlic\CarParkMonitor\HogTraining\x64\Debug\link.5012-cvtres.write.1.tlog
E:\Workspace\gitHub\cpmlic\CarParkMonitor\HogTraining\x64\Debug\link.5132.read.1.tlog
E:\Workspace\gitHub\cpmlic\CarParkMonitor\HogTraining\x64\Debug\link.5132.write.1.tlog
E:\Workspace\gitHub\cpmlic\CarParkMonitor\HogTraining\x64\Debug\link.5132-cvtres.read.1.tlog
E:\Workspace\gitHub\cpmlic\CarParkMonitor\HogTraining\x64\Debug\link.5132-cvtres.write.1.tlog
E:\Workspace\gitHub\cpmlic\CarParkMonitor\HogTraining\x64\Debug\link.5172.read.1.tlog
E:\Workspace\gitHub\cpmlic\CarParkMonitor\HogTraining\x64\Debug\link.5172.write.1.tlog
E:\Workspace\gitHub\cpmlic\CarParkMonitor\HogTraining\x64\Debug\link.5172-cvtres.read.1.tlog
E:\Workspace\gitHub\cpmlic\CarParkMonitor\HogTraining\x64\Debug\link.5172-cvtres.write.1.tlog
E:\Workspace\gitHub\cpmlic\CarParkMonitor\HogTraining\x64\Debug\link.5244.read.1.tlog
E:\Workspace\gitHub\cpmlic\CarParkMonitor\HogTraining\x64\Debug\link.5244.write.1.tlog
E:\Workspace\gitHub\cpmlic\CarParkMonitor\HogTraining\x64\Debug\link.5244-cvtres.read.1.tlog
E:\Workspace\gitHub\cpmlic\CarParkMonitor\HogTraining\x64\Debug\link.5244-cvtres.write.1.tlog
E:\Workspace\gitHub\cpmlic\CarParkMonitor\HogTraining\x64\Debug\link.5332.read.1.tlog
E:\Workspace\gitHub\cpmlic\CarParkMonitor\HogTraining\x64\Debug\link.5332.write.1.tlog
E:\Workspace\gitHub\cpmlic\CarParkMonitor\HogTraining\x64\Debug\link.5332-cvtres.read.1.tlog
E:\Workspace\gitHub\cpmlic\CarParkMonitor\HogTraining\x64\Debug\link.5332-cvtres.write.1.tlog
E:\Workspace\gitHub\cpmlic\CarParkMonitor\HogTraining\x64\Debug\link.5528.read.1.tlog
E:\Workspace\gitHub\cpmlic\CarParkMonitor\HogTraining\x64\Debug\link.5528.write.1.tlog
E:\Workspace\gitHub\cpmlic\CarParkMonitor\HogTraining\x64\Debug\link.5528-cvtres.read.1.tlog
E:\Workspace\gitHub\cpmlic\CarParkMonitor\HogTraining\x64\Debug\link.5528-cvtres.write.1.tlog
E:\Workspace\gitHub\cpmlic\CarParkMonitor\HogTraining\x64\Debug\link.5576.read.1.tlog
E:\Workspace\gitHub\cpmlic\CarParkMonitor\HogTraining\x64\Debug\link.5576.write.1.tlog
E:\Workspace\gitHub\cpmlic\CarParkMonitor\HogTraining\x64\Debug\link.5576-cvtres.read.1.tlog
E:\Workspace\gitHub\cpmlic\CarParkMonitor\HogTraining\x64\Debug\link.5576-cvtres.write.1.tlog
E:\Workspace\gitHub\cpmlic\CarParkMonitor\HogTraining\x64\Debug\link.5656.read.1.tlog
E:\Workspace\gitHub\cpmlic\CarParkMonitor\HogTraining\x64\Debug\link.5656.write.1.tlog
E:\Workspace\gitHub\cpmlic\CarParkMonitor\HogTraining\x64\Debug\link.5656-cvtres.read.1.tlog
E:\Workspace\gitHub\cpmlic\CarParkMonitor\HogTraining\x64\Debug\link.5656-cvtres.write.1.tlog
E:\Workspace\gitHub\cpmlic\CarParkMonitor\HogTraining\x64\Debug\link.5792.read.1.tlog
E:\Workspace\gitHub\cpmlic\CarParkMonitor\HogTraining\x64\Debug\link.5792.write.1.tlog
E:\Workspace\gitHub\cpmlic\CarParkMonitor\HogTraining\x64\Debug\link.5792-cvtres.read.1.tlog
E:\Workspace\gitHub\cpmlic\CarParkMonitor\HogTraining\x64\Debug\link.5792-cvtres.write.1.tlog
E:\Workspace\gitHub\cpmlic\CarParkMonitor\HogTraining\x64\Debug\link.6064.read.1.tlog
E:\Workspace\gitHub\cpmlic\CarParkMonitor\HogTraining\x64\Debug\link.6064.write.1.tlog
E:\Workspace\gitHub\cpmlic\CarParkMonitor\HogTraining\x64\Debug\link.6064-cvtres.read.1.tlog
E:\Workspace\gitHub\cpmlic\CarParkMonitor\HogTraining\x64\Debug\link.6064-cvtres.write.1.tlog
E:\Workspace\gitHub\cpmlic\CarParkMonitor\HogTraining\x64\Debug\link.6112.read.1.tlog
E:\Workspace\gitHub\cpmlic\CarParkMonitor\HogTraining\x64\Debug\link.6112.write.1.tlog
E:\Workspace\gitHub\cpmlic\CarParkMonitor\HogTraining\x64\Debug\link.6112-cvtres.read.1.tlog
E:\Workspace\gitHub\cpmlic\CarParkMonitor\HogTraining\x64\Debug\link.6112-cvtres.write.1.tlog
E:\Workspace\gitHub\cpmlic\CarParkMonitor\HogTraining\x64\Debug\link.6448.read.1.tlog
E:\Workspace\gitHub\cpmlic\CarParkMonitor\HogTraining\x64\Debug\link.6448.write.1.tlog
E:\Workspace\gitHub\cpmlic\CarParkMonitor\HogTraining\x64\Debug\link.6448-cvtres.read.1.tlog
E:\Workspace\gitHub\cpmlic\CarParkMonitor\HogTraining\x64\Debug\link.6448-cvtres.write.1.tlog
E:\Workspace\gitHub\cpmlic\CarParkMonitor\HogTraining\x64\Debug\link.command.1.tlog
E:\Workspace\gitHub\cpmlic\CarParkMonitor\HogTraining\x64\Debug\link.read.1.tlog
E:\Workspace\gitHub\cpmlic\CarParkMonitor\HogTraining\x64\Debug\link.write.1.tlog
E:\Workspace\gitHub\cpmlic\CarParkMonitor\HogTraining\x64\Debug\link-cvtres.read.1.tlog
E:\Workspace\gitHub\cpmlic\CarParkMonitor\HogTraining\x64\Debug\link-cvtres.write.1.tlog
E:\WORKSPACE\GITHUB\CPMLIC\CARPARKMONITOR\HOGTRAINING\X64\DEBUG\MAIN.OBJ
E:\Workspace\gitHub\cpmlic\CarParkMonitor\HogTraining\x64\Debug\mt.command.1.tlog
E:\Workspace\gitHub\cpmlic\CarParkMonitor\HogTraining\x64\Debug\mt.read.1.tlog
E:\Workspace\gitHub\cpmlic\CarParkMonitor\HogTraining\x64\Debug\mt.write.1.tlog
E:\Workspace\gitHub\cpmlic\CarParkMonitor\HogTraining\x64\Debug\rc.command.1.tlog
E:\Workspace\gitHub\cpmlic\CarParkMonitor\HogTraining\x64\Debug\rc.read.1.tlog
E:\Workspace\gitHub\cpmlic\CarParkMonitor\HogTraining\x64\Debug\rc.write.1.tlog
E:\Workspace\gitHub\cpmlic\CarParkMonitor\HogTraining\x64\Debug\vc100.idb
E:\WORKSPACE\GITHUB\CPMLIC\CARPARKMONITOR\HOGTRAINING\X64\DEBUG\VC100.PDB
E:\WORKSPACE\GITHUB\CPMLIC\CARPARKMONITOR\X64\DEBUG\DATASETEXTRACTION.EXE
E:\WORKSPACE\GITHUB\CPMLIC\CARPARKMONITOR\X64\DEBUG\DATASETEXTRACTION.ILK
E:\WORKSPACE\GITHUB\CPMLIC\CARPARKMONITOR\X64\DEBUG\DATASETEXTRACTION.PDB
