E:\Workspace\gitHub\cpmlic\CarParkMonitor\HogTraining\x64\Debug\cl.command.1.tlog
E:\Workspace\gitHub\cpmlic\CarParkMonitor\HogTraining\x64\Debug\CL.read.1.tlog
E:\Workspace\gitHub\cpmlic\CarParkMonitor\HogTraining\x64\Debug\CL.write.1.tlog
E:\WORKSPACE\GITHUB\CPMLIC\CARPARKMONITOR\HOGTRAINING\X64\DEBUG\HOGFRAMER.OBJ
E:\WORKSPACE\GITHUB\CPMLIC\CARPARKMONITOR\HOGTRAINING\X64\DEBUG\HOGTRAINING.EXE.EMBED.MANIFEST
E:\WORKSPACE\GITHUB\CPMLIC\CARPARKMONITOR\HOGTRAINING\X64\DEBUG\HOGTRAINING.EXE.EMBED.MANIFEST.RES
E:\WORKSPACE\GITHUB\CPMLIC\CARPARKMONITOR\HOGTRAINING\X64\DEBUG\HOGTRAINING.EXE.INTERMEDIATE.MANIFEST
E:\Workspace\gitHub\cpmlic\CarParkMonitor\HogTraining\x64\Debug\HogTraining.vcxprojResolveAssemblyReference.cache
E:\Workspace\gitHub\cpmlic\CarParkMonitor\HogTraining\x64\Debug\HogTraining.write.1.tlog
E:\Workspace\gitHub\cpmlic\CarParkMonitor\HogTraining\x64\Debug\HogTraining_manifest.rc
E:\Workspace\gitHub\cpmlic\CarParkMonitor\HogTraining\x64\Debug\link.2748.read.1.tlog
E:\Workspace\gitHub\cpmlic\CarParkMonitor\HogTraining\x64\Debug\link.2748.write.1.tlog
E:\Workspace\gitHub\cpmlic\CarParkMonitor\HogTraining\x64\Debug\link.2748-cvtres.read.1.tlog
E:\Workspace\gitHub\cpmlic\CarParkMonitor\HogTraining\x64\Debug\link.2748-cvtres.write.1.tlog
E:\Workspace\gitHub\cpmlic\CarParkMonitor\HogTraining\x64\Debug\link.command.1.tlog
E:\Workspace\gitHub\cpmlic\CarParkMonitor\HogTraining\x64\Debug\link.read.1.tlog
E:\Workspace\gitHub\cpmlic\CarParkMonitor\HogTraining\x64\Debug\link.write.1.tlog
E:\Workspace\gitHub\cpmlic\CarParkMonitor\HogTraining\x64\Debug\link-cvtres.read.1.tlog
E:\Workspace\gitHub\cpmlic\CarParkMonitor\HogTraining\x64\Debug\link-cvtres.write.1.tlog
E:\WORKSPACE\GITHUB\CPMLIC\CARPARKMONITOR\HOGTRAINING\X64\DEBUG\MAIN.OBJ
E:\Workspace\gitHub\cpmlic\CarParkMonitor\HogTraining\x64\Debug\mt.command.1.tlog
E:\Workspace\gitHub\cpmlic\CarParkMonitor\HogTraining\x64\Debug\mt.read.1.tlog
E:\Workspace\gitHub\cpmlic\CarParkMonitor\HogTraining\x64\Debug\mt.write.1.tlog
E:\Workspace\gitHub\cpmlic\CarParkMonitor\HogTraining\x64\Debug\rc.command.1.tlog
E:\Workspace\gitHub\cpmlic\CarParkMonitor\HogTraining\x64\Debug\rc.read.1.tlog
E:\Workspace\gitHub\cpmlic\CarParkMonitor\HogTraining\x64\Debug\rc.write.1.tlog
E:\Workspace\gitHub\cpmlic\CarParkMonitor\HogTraining\x64\Debug\vc100.idb
E:\WORKSPACE\GITHUB\CPMLIC\CARPARKMONITOR\HOGTRAINING\X64\DEBUG\VC100.PDB
E:\WORKSPACE\GITHUB\CPMLIC\CARPARKMONITOR\X64\DEBUG\HOGTRAINING.EXE
E:\WORKSPACE\GITHUB\CPMLIC\CARPARKMONITOR\X64\DEBUG\HOGTRAINING.ILK
E:\WORKSPACE\GITHUB\CPMLIC\CARPARKMONITOR\X64\DEBUG\HOGTRAINING.PDB
