E:\WORKSPACE\GITHUB\CPMLIC\CARPARKMONITOR\CPMIMPL\X64\DEBUG\AVGSUBTRACTOR.OBJ
E:\WORKSPACE\GITHUB\CPMLIC\CARPARKMONITOR\CPMIMPL\X64\DEBUG\BACKGROUNDSEGMENTATOR.OBJ
E:\WORKSPACE\GITHUB\CPMLIC\CARPARKMONITOR\CPMIMPL\X64\DEBUG\CANNYFRAMEPROCESSOR.OBJ
E:\Workspace\gitHub\cpmlic\CarParkMonitor\CpmImpl\x64\Debug\cl.command.1.tlog
E:\Workspace\gitHub\cpmlic\CarParkMonitor\CpmImpl\x64\Debug\CL.read.1.tlog
E:\Workspace\gitHub\cpmlic\CarParkMonitor\CpmImpl\x64\Debug\CL.write.1.tlog
E:\WORKSPACE\GITHUB\CPMLIC\CARPARKMONITOR\CPMIMPL\X64\DEBUG\CODEBOOKSUBTRACTOR.OBJ
E:\WORKSPACE\GITHUB\CPMLIC\CARPARKMONITOR\CPMIMPL\X64\DEBUG\FEATURETRACKER.OBJ
E:\WORKSPACE\GITHUB\CPMLIC\CARPARKMONITOR\CPMIMPL\X64\DEBUG\HOGCLASSIFIER.OBJ
E:\Workspace\gitHub\cpmlic\CarParkMonitor\CpmImpl\x64\Debug\lib.command.1.tlog
E:\Workspace\gitHub\cpmlic\CarParkMonitor\CpmImpl\x64\Debug\Lib-link.read.1.tlog
E:\Workspace\gitHub\cpmlic\CarParkMonitor\CpmImpl\x64\Debug\Lib-link.write.1.tlog
E:\WORKSPACE\GITHUB\CPMLIC\CARPARKMONITOR\CPMIMPL\X64\DEBUG\MOG2SUBTRACTOR.OBJ
E:\WORKSPACE\GITHUB\CPMLIC\CARPARKMONITOR\CPMIMPL\X64\DEBUG\MOGSUBTRACTOR.OBJ
E:\WORKSPACE\GITHUB\CPMLIC\CARPARKMONITOR\CPMIMPL\X64\DEBUG\STABLEAVGSUBTRACTOR.OBJ
E:\WORKSPACE\GITHUB\CPMLIC\CARPARKMONITOR\CPMIMPL\X64\DEBUG\STABLEMOG.OBJ
E:\Workspace\gitHub\cpmlic\CarParkMonitor\CpmImpl\x64\Debug\vc100.idb
E:\WORKSPACE\GITHUB\CPMLIC\CARPARKMONITOR\CPMIMPL\X64\DEBUG\VC100.PDB
E:\Workspace\gitHub\cpmlic\CarParkMonitor\CpmImpl\x64\Debug\VtImpl.write.1.tlog
E:\WORKSPACE\GITHUB\CPMLIC\CARPARKMONITOR\X64\DEBUG\VTIMPL.LIB
