Build started 4/20/2012 9:30:41 AM.
     1>Project "E:\Workspace\gitHub\cpmlic\CarParkMonitor\CpmImpl\CpmImpl.vcxproj" on node 2 (build target(s)).
     1>InitializeBuildStatus:
         Creating "x64\Release\VtImpl.unsuccessfulbuild" because "AlwaysCreate" was specified.
       ClCompile:
         D:\Programs\Visual Studio 2010\VC\bin\x86_amd64\CL.exe /c /IE:\Workspace\gitHub\cpmlic\CarParkMonitor\CpmLib /ID:\Programs\Libs\opencv\build\include /Zi /nologo /W3 /WX- /O2 /Oi /GL /D WIN32 /D NDEBUG /D _LIB /D _UNICODE /D UNICODE /Gm- /EHsc /MD /GS /Gy /fp:precise /Zc:wchar_t /Zc:forScope /Fo"x64\Release\\" /Fd"x64\Release\vc100.pdb" /Gd /TP /errorReport:prompt AvgSubtractor.cpp HogClassifier.cpp StableAvgSubtractor.cpp
         AvgSubtractor.cpp
         HogClassifier.cpp
         StableAvgSubtractor.cpp
       Lib:
         D:\Programs\Visual Studio 2010\VC\bin\x86_amd64\Lib.exe /OUT:"E:\Workspace\gitHub\cpmlic\CarParkMonitor\x64\Release\VtImpl.lib" /NOLOGO /LTCG x64\Release\AvgSubtractor.obj
         x64\Release\BackgroundSegmentator.obj
         x64\Release\CannyFrameProcessor.obj
         x64\Release\CodebookSubtractor.obj
         x64\Release\FeatureTracker.obj
         x64\Release\HogClassifier.obj
         x64\Release\Mog2Subtractor.obj
         x64\Release\MogSubtractor.obj
         x64\Release\StableAvgSubtractor.obj
         x64\Release\StableMog.obj
         CpmImpl.vcxproj -> E:\Workspace\gitHub\cpmlic\CarParkMonitor\x64\Release\VtImpl.lib
       FinalizeBuildStatus:
         Deleting file "x64\Release\VtImpl.unsuccessfulbuild".
         Touching "x64\Release\VtImpl.lastbuildstate".
     1>Done Building Project "E:\Workspace\gitHub\cpmlic\CarParkMonitor\CpmImpl\CpmImpl.vcxproj" (build target(s)).

Build succeeded.

Time Elapsed 00:00:03.13
