E:\Workspace\gitHub\cpmlic\CarParkMonitor\Kalman\x64\Debug\cl.command.1.tlog
E:\Workspace\gitHub\cpmlic\CarParkMonitor\Kalman\x64\Debug\CL.read.1.tlog
E:\Workspace\gitHub\cpmlic\CarParkMonitor\Kalman\x64\Debug\CL.write.1.tlog
E:\WORKSPACE\GITHUB\CPMLIC\CARPARKMONITOR\KALMAN\X64\DEBUG\KALMAN.EXE.EMBED.MANIFEST
E:\WORKSPACE\GITHUB\CPMLIC\CARPARKMONITOR\KALMAN\X64\DEBUG\KALMAN.EXE.EMBED.MANIFEST.RES
E:\WORKSPACE\GITHUB\CPMLIC\CARPARKMONITOR\KALMAN\X64\DEBUG\KALMAN.EXE.INTERMEDIATE.MANIFEST
E:\Workspace\gitHub\cpmlic\CarParkMonitor\Kalman\x64\Debug\Kalman.vcxprojResolveAssemblyReference.cache
E:\Workspace\gitHub\cpmlic\CarParkMonitor\Kalman\x64\Debug\Kalman.write.1.tlog
E:\Workspace\gitHub\cpmlic\CarParkMonitor\Kalman\x64\Debug\Kalman_manifest.rc
E:\Workspace\gitHub\cpmlic\CarParkMonitor\Kalman\x64\Debug\link.1852.read.1.tlog
E:\Workspace\gitHub\cpmlic\CarParkMonitor\Kalman\x64\Debug\link.1852.write.1.tlog
E:\Workspace\gitHub\cpmlic\CarParkMonitor\Kalman\x64\Debug\link.1852-cvtres.read.1.tlog
E:\Workspace\gitHub\cpmlic\CarParkMonitor\Kalman\x64\Debug\link.1852-cvtres.write.1.tlog
E:\Workspace\gitHub\cpmlic\CarParkMonitor\Kalman\x64\Debug\link.832.read.1.tlog
E:\Workspace\gitHub\cpmlic\CarParkMonitor\Kalman\x64\Debug\link.832.write.1.tlog
E:\Workspace\gitHub\cpmlic\CarParkMonitor\Kalman\x64\Debug\link.832-cvtres.read.1.tlog
E:\Workspace\gitHub\cpmlic\CarParkMonitor\Kalman\x64\Debug\link.832-cvtres.write.1.tlog
E:\Workspace\gitHub\cpmlic\CarParkMonitor\Kalman\x64\Debug\link.command.1.tlog
E:\Workspace\gitHub\cpmlic\CarParkMonitor\Kalman\x64\Debug\link.read.1.tlog
E:\Workspace\gitHub\cpmlic\CarParkMonitor\Kalman\x64\Debug\link.write.1.tlog
E:\Workspace\gitHub\cpmlic\CarParkMonitor\Kalman\x64\Debug\link-cvtres.read.1.tlog
E:\Workspace\gitHub\cpmlic\CarParkMonitor\Kalman\x64\Debug\link-cvtres.write.1.tlog
E:\WORKSPACE\GITHUB\CPMLIC\CARPARKMONITOR\KALMAN\X64\DEBUG\MAIN.OBJ
E:\Workspace\gitHub\cpmlic\CarParkMonitor\Kalman\x64\Debug\mt.command.1.tlog
E:\Workspace\gitHub\cpmlic\CarParkMonitor\Kalman\x64\Debug\mt.read.1.tlog
E:\Workspace\gitHub\cpmlic\CarParkMonitor\Kalman\x64\Debug\mt.write.1.tlog
E:\Workspace\gitHub\cpmlic\CarParkMonitor\Kalman\x64\Debug\rc.command.1.tlog
E:\Workspace\gitHub\cpmlic\CarParkMonitor\Kalman\x64\Debug\rc.read.1.tlog
E:\Workspace\gitHub\cpmlic\CarParkMonitor\Kalman\x64\Debug\rc.write.1.tlog
E:\Workspace\gitHub\cpmlic\CarParkMonitor\Kalman\x64\Debug\vc100.idb
E:\WORKSPACE\GITHUB\CPMLIC\CARPARKMONITOR\KALMAN\X64\DEBUG\VC100.PDB
E:\WORKSPACE\GITHUB\CPMLIC\CARPARKMONITOR\X64\DEBUG\KALMAN.EXE
E:\WORKSPACE\GITHUB\CPMLIC\CARPARKMONITOR\X64\DEBUG\KALMAN.ILK
E:\WORKSPACE\GITHUB\CPMLIC\CARPARKMONITOR\X64\DEBUG\KALMAN.PDB
