E:\Workspace\gitHub\cpmlic\CarParkMonitor\Debug\HogTraining.pdb
E:\Workspace\gitHub\cpmlic\CarParkMonitor\HogTraining\Debug\cl.command.1.tlog
E:\Workspace\gitHub\cpmlic\CarParkMonitor\HogTraining\Debug\CL.read.1.tlog
E:\Workspace\gitHub\cpmlic\CarParkMonitor\HogTraining\Debug\CL.write.1.tlog
E:\WORKSPACE\GITHUB\CPMLIC\CARPARKMONITOR\HOGTRAINING\DEBUG\HOGFRAMER.OBJ
E:\WORKSPACE\GITHUB\CPMLIC\CARPARKMONITOR\HOGTRAINING\DEBUG\HOGTRAINING.EXE.EMBED.MANIFEST
E:\WORKSPACE\GITHUB\CPMLIC\CARPARKMONITOR\HOGTRAINING\DEBUG\HOGTRAINING.EXE.EMBED.MANIFEST.RES
E:\Workspace\gitHub\cpmlic\CarParkMonitor\HogTraining\Debug\HogTraining.exe.intermediate.manifest
E:\Workspace\gitHub\cpmlic\CarParkMonitor\HogTraining\Debug\HogTraining.vcxprojResolveAssemblyReference.cache
E:\Workspace\gitHub\cpmlic\CarParkMonitor\HogTraining\Debug\HogTraining.write.1.tlog
E:\Workspace\gitHub\cpmlic\CarParkMonitor\HogTraining\Debug\HogTraining_manifest.rc
E:\Workspace\gitHub\cpmlic\CarParkMonitor\HogTraining\Debug\link.5492.read.1.tlog
E:\Workspace\gitHub\cpmlic\CarParkMonitor\HogTraining\Debug\link.5492.write.1.tlog
E:\Workspace\gitHub\cpmlic\CarParkMonitor\HogTraining\Debug\link.5492-cvtres.read.1.tlog
E:\Workspace\gitHub\cpmlic\CarParkMonitor\HogTraining\Debug\link.5492-cvtres.write.1.tlog
E:\Workspace\gitHub\cpmlic\CarParkMonitor\HogTraining\Debug\link.5884.read.1.tlog
E:\Workspace\gitHub\cpmlic\CarParkMonitor\HogTraining\Debug\link.5884.write.1.tlog
E:\Workspace\gitHub\cpmlic\CarParkMonitor\HogTraining\Debug\link.5884-cvtres.read.1.tlog
E:\Workspace\gitHub\cpmlic\CarParkMonitor\HogTraining\Debug\link.5884-cvtres.write.1.tlog
E:\Workspace\gitHub\cpmlic\CarParkMonitor\HogTraining\Debug\link.command.1.tlog
E:\Workspace\gitHub\cpmlic\CarParkMonitor\HogTraining\Debug\link.read.1.tlog
E:\Workspace\gitHub\cpmlic\CarParkMonitor\HogTraining\Debug\link.write.1.tlog
E:\Workspace\gitHub\cpmlic\CarParkMonitor\HogTraining\Debug\link-cvtres.read.1.tlog
E:\Workspace\gitHub\cpmlic\CarParkMonitor\HogTraining\Debug\link-cvtres.write.1.tlog
E:\WORKSPACE\GITHUB\CPMLIC\CARPARKMONITOR\HOGTRAINING\DEBUG\MAIN.OBJ
E:\Workspace\gitHub\cpmlic\CarParkMonitor\HogTraining\Debug\mt.command.1.tlog
E:\Workspace\gitHub\cpmlic\CarParkMonitor\HogTraining\Debug\mt.read.1.tlog
E:\Workspace\gitHub\cpmlic\CarParkMonitor\HogTraining\Debug\mt.write.1.tlog
E:\Workspace\gitHub\cpmlic\CarParkMonitor\HogTraining\Debug\rc.command.1.tlog
E:\Workspace\gitHub\cpmlic\CarParkMonitor\HogTraining\Debug\rc.read.1.tlog
E:\Workspace\gitHub\cpmlic\CarParkMonitor\HogTraining\Debug\rc.write.1.tlog
E:\Workspace\gitHub\cpmlic\CarParkMonitor\HogTraining\Debug\vc100.idb
E:\WORKSPACE\GITHUB\CPMLIC\CARPARKMONITOR\HOGTRAINING\DEBUG\VC100.PDB
