Build started 3/24/2012 11:09:06 PM.
     1>Project "E:\Workspace\gitHub\cpmlic\CarParkMonitor\HogTraining\HogTraining.vcxproj" on node 2 (build target(s)).
     1>InitializeBuildStatus:
         Touching "Debug\HogTraining.unsuccessfulbuild".
       ClCompile:
         D:\Programs\Visual Studio 2010\VC\bin\CL.exe /c /ZI /nologo /W3 /WX- /Od /Oy- /D WIN32 /D _DEBUG /D _CONSOLE /D _UNICODE /D UNICODE /Gm /EHsc /RTC1 /MDd /GS /fp:precise /Zc:wchar_t /Zc:forScope /Fo"Debug\\" /Fd"Debug\vc100.pdb" /Gd /TP /analyze- /errorReport:prompt main.cpp
         main.cpp
       ManifestResourceCompile:
         All outputs are up-to-date.
       Link:
         D:\Programs\Visual Studio 2010\VC\bin\link.exe /ERRORREPORT:PROMPT /OUT:"E:\Workspace\gitHub\cpmlic\CarParkMonitor\Debug\HogTraining.exe" /INCREMENTAL /NOLOGO kernel32.lib user32.lib gdi32.lib winspool.lib comdlg32.lib advapi32.lib shell32.lib ole32.lib oleaut32.lib uuid.lib odbc32.lib odbccp32.lib /MANIFEST /ManifestFile:"Debug\HogTraining.exe.intermediate.manifest" /MANIFESTUAC:"level='asInvoker' uiAccess='false'" /DEBUG /PDB:"E:\Workspace\gitHub\cpmlic\CarParkMonitor\Debug\HogTraining.pdb" /SUBSYSTEM:CONSOLE /TLBID:1 /DYNAMICBASE /NXCOMPAT /IMPLIB:"E:\Workspace\gitHub\cpmlic\CarParkMonitor\Debug\HogTraining.lib" /MACHINE:X86 Debug\HogTraining.exe.embed.manifest.res
         Debug\main.obj
       Manifest:
         C:\Program Files (x86)\Microsoft SDKs\Windows\v7.0A\bin\mt.exe /nologo /verbose /out:"Debug\HogTraining.exe.embed.manifest" /manifest Debug\HogTraining.exe.intermediate.manifest
         C:\Program Files (x86)\Microsoft SDKs\Windows\v7.0A\bin\rc.exe /nologo /fo"Debug\HogTraining.exe.embed.manifest.res" Debug\HogTraining_manifest.rc 
       LinkEmbedManifest:
         D:\Programs\Visual Studio 2010\VC\bin\link.exe /ERRORREPORT:PROMPT /OUT:"E:\Workspace\gitHub\cpmlic\CarParkMonitor\Debug\HogTraining.exe" /INCREMENTAL /NOLOGO kernel32.lib user32.lib gdi32.lib winspool.lib comdlg32.lib advapi32.lib shell32.lib ole32.lib oleaut32.lib uuid.lib odbc32.lib odbccp32.lib /MANIFEST /ManifestFile:"Debug\HogTraining.exe.intermediate.manifest" /MANIFESTUAC:"level='asInvoker' uiAccess='false'" /DEBUG /PDB:"E:\Workspace\gitHub\cpmlic\CarParkMonitor\Debug\HogTraining.pdb" /SUBSYSTEM:CONSOLE /TLBID:1 /DYNAMICBASE /NXCOMPAT /IMPLIB:"E:\Workspace\gitHub\cpmlic\CarParkMonitor\Debug\HogTraining.lib" /MACHINE:X86 Debug\HogTraining.exe.embed.manifest.res
         Debug\main.obj
         HogTraining.vcxproj -> E:\Workspace\gitHub\cpmlic\CarParkMonitor\Debug\HogTraining.exe
       FinalizeBuildStatus:
         Deleting file "Debug\HogTraining.unsuccessfulbuild".
         Touching "Debug\HogTraining.lastbuildstate".
     1>Done Building Project "E:\Workspace\gitHub\cpmlic\CarParkMonitor\HogTraining\HogTraining.vcxproj" (build target(s)).

Build succeeded.

Time Elapsed 00:00:00.94
