Build started 4/3/2012 8:02:54 PM.
     1>Project "E:\Workspace\gitHub\cpmlic\CarParkMonitor\TrainingHog\TrainingHog.vcxproj" on node 2 (build target(s)).
     1>InitializeBuildStatus:
         Creating "x64\Debug\TrainingHog.unsuccessfulbuild" because "AlwaysCreate" was specified.
       ClCompile:
         D:\Programs\Visual Studio 2010\VC\bin\x86_amd64\CL.exe /c /IE:\Workspace\gitHub\cpmlic\CarParkMonitor\CpmLib /Id:\Programs\Libs\opencv\build\include /Zi /nologo /W3 /WX- /Od /D WIN32 /D _DEBUG /D _CONSOLE /D _UNICODE /D UNICODE /Gm /EHsc /RTC1 /MDd /GS /fp:precise /Zc:wchar_t /Zc:forScope /Fo"x64\Debug\\" /Fd"x64\Debug\vc100.pdb" /Gd /TP /errorReport:prompt main.cpp
         main.cpp
     1>main.cpp(42): warning C4267: 'initializing' : conversion from 'size_t' to 'int', possible loss of data
     1>main.cpp(58): warning C4267: 'initializing' : conversion from 'size_t' to 'int', possible loss of data
     1>main.cpp(42): warning C4267: 'initializing' : conversion from 'size_t' to 'int', possible loss of data
     1>main.cpp(58): warning C4267: 'initializing' : conversion from 'size_t' to 'int', possible loss of data
       ManifestResourceCompile:
         All outputs are up-to-date.
       Link:
         D:\Programs\Visual Studio 2010\VC\bin\x86_amd64\link.exe /ERRORREPORT:PROMPT /OUT:"E:\Workspace\gitHub\cpmlic\CarParkMonitor\x64\Debug\TrainingHog.exe" /INCREMENTAL /NOLOGO /LIBPATH:D:\Programs\Libs\opencv\build\gpu\x64\lib opencv_calib3d231d.lib opencv_contrib231d.lib opencv_core231d.lib opencv_features2d231d.lib opencv_flann231d.lib opencv_gpu231d.lib opencv_haartraining_engined.lib opencv_highgui231d.lib opencv_imgproc231d.lib opencv_legacy231d.lib opencv_ml231d.lib opencv_objdetect231d.lib opencv_ts231d.lib opencv_video231d.lib kernel32.lib user32.lib gdi32.lib winspool.lib comdlg32.lib advapi32.lib shell32.lib ole32.lib oleaut32.lib uuid.lib odbc32.lib odbccp32.lib /MANIFEST /ManifestFile:"x64\Debug\TrainingHog.exe.intermediate.manifest" /MANIFESTUAC:"level='asInvoker' uiAccess='false'" /DEBUG /PDB:"E:\Workspace\gitHub\cpmlic\CarParkMonitor\x64\Debug\TrainingHog.pdb" /SUBSYSTEM:CONSOLE /TLBID:1 /DYNAMICBASE /NXCOMPAT /IMPLIB:"E:\Workspace\gitHub\cpmlic\CarParkMonitor\x64\Debug\TrainingHog.lib" /MACHINE:X64 x64\Debug\TrainingHog.exe.embed.manifest.res
         x64\Debug\main.obj
         E:\Workspace\gitHub\cpmlic\CarParkMonitor\x64\Debug\VtLib.lib
         TrainingHog.vcxproj -> E:\Workspace\gitHub\cpmlic\CarParkMonitor\x64\Debug\TrainingHog.exe
       Manifest:
         C:\Program Files (x86)\Microsoft SDKs\Windows\v7.0A\bin\mt.exe /nologo /verbose /out:"x64\Debug\TrainingHog.exe.embed.manifest" /manifest x64\Debug\TrainingHog.exe.intermediate.manifest
         All outputs are up-to-date.
       LinkEmbedManifest:
         All outputs are up-to-date.
         TrainingHog.vcxproj -> E:\Workspace\gitHub\cpmlic\CarParkMonitor\x64\Debug\TrainingHog.exe
       FinalizeBuildStatus:
         Deleting file "x64\Debug\TrainingHog.unsuccessfulbuild".
         Touching "x64\Debug\TrainingHog.lastbuildstate".
     1>Done Building Project "E:\Workspace\gitHub\cpmlic\CarParkMonitor\TrainingHog\TrainingHog.vcxproj" (build target(s)).

Build succeeded.

Time Elapsed 00:00:01.51
