E:\Workspace\gitHub\cpmlic\CarParkMonitor\TrainingHog\x64\Debug\cl.command.1.tlog
E:\Workspace\gitHub\cpmlic\CarParkMonitor\TrainingHog\x64\Debug\CL.read.1.tlog
E:\Workspace\gitHub\cpmlic\CarParkMonitor\TrainingHog\x64\Debug\CL.write.1.tlog
E:\Workspace\gitHub\cpmlic\CarParkMonitor\TrainingHog\x64\Debug\link.1496.read.1.tlog
E:\Workspace\gitHub\cpmlic\CarParkMonitor\TrainingHog\x64\Debug\link.1496.write.1.tlog
E:\Workspace\gitHub\cpmlic\CarParkMonitor\TrainingHog\x64\Debug\link.1496-cvtres.read.1.tlog
E:\Workspace\gitHub\cpmlic\CarParkMonitor\TrainingHog\x64\Debug\link.1496-cvtres.write.1.tlog
E:\Workspace\gitHub\cpmlic\CarParkMonitor\TrainingHog\x64\Debug\link.2548.read.1.tlog
E:\Workspace\gitHub\cpmlic\CarParkMonitor\TrainingHog\x64\Debug\link.2548.write.1.tlog
E:\Workspace\gitHub\cpmlic\CarParkMonitor\TrainingHog\x64\Debug\link.2548-cvtres.read.1.tlog
E:\Workspace\gitHub\cpmlic\CarParkMonitor\TrainingHog\x64\Debug\link.2548-cvtres.write.1.tlog
E:\Workspace\gitHub\cpmlic\CarParkMonitor\TrainingHog\x64\Debug\link.404.read.1.tlog
E:\Workspace\gitHub\cpmlic\CarParkMonitor\TrainingHog\x64\Debug\link.404.write.1.tlog
E:\Workspace\gitHub\cpmlic\CarParkMonitor\TrainingHog\x64\Debug\link.404-cvtres.read.1.tlog
E:\Workspace\gitHub\cpmlic\CarParkMonitor\TrainingHog\x64\Debug\link.404-cvtres.write.1.tlog
E:\Workspace\gitHub\cpmlic\CarParkMonitor\TrainingHog\x64\Debug\link.5728.read.1.tlog
E:\Workspace\gitHub\cpmlic\CarParkMonitor\TrainingHog\x64\Debug\link.5728.write.1.tlog
E:\Workspace\gitHub\cpmlic\CarParkMonitor\TrainingHog\x64\Debug\link.5728-cvtres.read.1.tlog
E:\Workspace\gitHub\cpmlic\CarParkMonitor\TrainingHog\x64\Debug\link.5728-cvtres.write.1.tlog
E:\Workspace\gitHub\cpmlic\CarParkMonitor\TrainingHog\x64\Debug\link.5928.read.1.tlog
E:\Workspace\gitHub\cpmlic\CarParkMonitor\TrainingHog\x64\Debug\link.5928.write.1.tlog
E:\Workspace\gitHub\cpmlic\CarParkMonitor\TrainingHog\x64\Debug\link.5928-cvtres.read.1.tlog
E:\Workspace\gitHub\cpmlic\CarParkMonitor\TrainingHog\x64\Debug\link.5928-cvtres.write.1.tlog
E:\Workspace\gitHub\cpmlic\CarParkMonitor\TrainingHog\x64\Debug\link.6160.read.1.tlog
E:\Workspace\gitHub\cpmlic\CarParkMonitor\TrainingHog\x64\Debug\link.6160.write.1.tlog
E:\Workspace\gitHub\cpmlic\CarParkMonitor\TrainingHog\x64\Debug\link.6160-cvtres.read.1.tlog
E:\Workspace\gitHub\cpmlic\CarParkMonitor\TrainingHog\x64\Debug\link.6160-cvtres.write.1.tlog
E:\Workspace\gitHub\cpmlic\CarParkMonitor\TrainingHog\x64\Debug\link.6928.read.1.tlog
E:\Workspace\gitHub\cpmlic\CarParkMonitor\TrainingHog\x64\Debug\link.6928.write.1.tlog
E:\Workspace\gitHub\cpmlic\CarParkMonitor\TrainingHog\x64\Debug\link.6928-cvtres.read.1.tlog
E:\Workspace\gitHub\cpmlic\CarParkMonitor\TrainingHog\x64\Debug\link.6928-cvtres.write.1.tlog
E:\Workspace\gitHub\cpmlic\CarParkMonitor\TrainingHog\x64\Debug\link.7616.read.1.tlog
E:\Workspace\gitHub\cpmlic\CarParkMonitor\TrainingHog\x64\Debug\link.7616.write.1.tlog
E:\Workspace\gitHub\cpmlic\CarParkMonitor\TrainingHog\x64\Debug\link.7616-cvtres.read.1.tlog
E:\Workspace\gitHub\cpmlic\CarParkMonitor\TrainingHog\x64\Debug\link.7616-cvtres.write.1.tlog
E:\Workspace\gitHub\cpmlic\CarParkMonitor\TrainingHog\x64\Debug\link.8172.read.1.tlog
E:\Workspace\gitHub\cpmlic\CarParkMonitor\TrainingHog\x64\Debug\link.8172.write.1.tlog
E:\Workspace\gitHub\cpmlic\CarParkMonitor\TrainingHog\x64\Debug\link.8172-cvtres.read.1.tlog
E:\Workspace\gitHub\cpmlic\CarParkMonitor\TrainingHog\x64\Debug\link.8172-cvtres.write.1.tlog
E:\Workspace\gitHub\cpmlic\CarParkMonitor\TrainingHog\x64\Debug\link.command.1.tlog
E:\Workspace\gitHub\cpmlic\CarParkMonitor\TrainingHog\x64\Debug\link.read.1.tlog
E:\Workspace\gitHub\cpmlic\CarParkMonitor\TrainingHog\x64\Debug\link.write.1.tlog
E:\Workspace\gitHub\cpmlic\CarParkMonitor\TrainingHog\x64\Debug\link-cvtres.read.1.tlog
E:\Workspace\gitHub\cpmlic\CarParkMonitor\TrainingHog\x64\Debug\link-cvtres.write.1.tlog
E:\WORKSPACE\GITHUB\CPMLIC\CARPARKMONITOR\TRAININGHOG\X64\DEBUG\MAIN.OBJ
E:\Workspace\gitHub\cpmlic\CarParkMonitor\TrainingHog\x64\Debug\mt.command.1.tlog
E:\Workspace\gitHub\cpmlic\CarParkMonitor\TrainingHog\x64\Debug\mt.read.1.tlog
E:\Workspace\gitHub\cpmlic\CarParkMonitor\TrainingHog\x64\Debug\mt.write.1.tlog
E:\Workspace\gitHub\cpmlic\CarParkMonitor\TrainingHog\x64\Debug\rc.command.1.tlog
E:\Workspace\gitHub\cpmlic\CarParkMonitor\TrainingHog\x64\Debug\rc.read.1.tlog
E:\Workspace\gitHub\cpmlic\CarParkMonitor\TrainingHog\x64\Debug\rc.write.1.tlog
E:\WORKSPACE\GITHUB\CPMLIC\CARPARKMONITOR\TRAININGHOG\X64\DEBUG\TRAININGHOG.EXE.EMBED.MANIFEST
E:\WORKSPACE\GITHUB\CPMLIC\CARPARKMONITOR\TRAININGHOG\X64\DEBUG\TRAININGHOG.EXE.EMBED.MANIFEST.RES
E:\WORKSPACE\GITHUB\CPMLIC\CARPARKMONITOR\TRAININGHOG\X64\DEBUG\TRAININGHOG.EXE.INTERMEDIATE.MANIFEST
E:\Workspace\gitHub\cpmlic\CarParkMonitor\TrainingHog\x64\Debug\TrainingHog.write.1.tlog
E:\Workspace\gitHub\cpmlic\CarParkMonitor\TrainingHog\x64\Debug\TrainingHog_manifest.rc
E:\Workspace\gitHub\cpmlic\CarParkMonitor\TrainingHog\x64\Debug\vc100.idb
E:\WORKSPACE\GITHUB\CPMLIC\CARPARKMONITOR\TRAININGHOG\X64\DEBUG\VC100.PDB
E:\WORKSPACE\GITHUB\CPMLIC\CARPARKMONITOR\X64\DEBUG\TRAININGHOG.EXE
E:\WORKSPACE\GITHUB\CPMLIC\CARPARKMONITOR\X64\DEBUG\TRAININGHOG.ILK
E:\WORKSPACE\GITHUB\CPMLIC\CARPARKMONITOR\X64\DEBUG\TRAININGHOG.PDB
